Base path: 'C:/Program Files/Unity/Hub/Editor/2019.2.1f1/Editor/Data', plugins path 'C:/Program Files/Unity/Hub/Editor/2019.2.1f1/Editor/Data/PlaybackEngines'
Cmd: initializeCompiler
Cmd: compileComputeKernel
  api=18 insize=1176 outsize=3060 ok=1
Cmd: compileComputeKernel
  api=4 insize=3070 outsize=47803 ok=1
Cmd: compileComputeKernel
  api=4 insize=10881 outsize=9684 ok=1
Cmd: compileComputeKernel
  api=18 insize=4855 outsize=17333 ok=1
Cmd: compileComputeKernel
  api=4 insize=3396 outsize=2521 ok=1
Cmd: compileComputeKernel
  api=4 insize=18299 outsize=8518 ok=1
Cmd: compileComputeKernel
  api=4 insize=18299 outsize=10442 ok=1
Cmd: compileComputeKernel
  api=4 insize=2044 outsize=1000 ok=1
Cmd: compileSnippet
  api=4 type=1 insize=3912 outsize=774 kw= pd=UNITY_NO_DXT5nm UNITY_ENABLE_REFLECTION_BUFFERS UNITY_NO_CUBEMAP_ARRAY UNITY_NO_SCREENSPACE_SHADOWS UNITY_PBS_USE_BRDF2 SHADER_API_DESKTOP UNITY_HARDWARE_TIER3 UNITY_COLORSPACE_GAMMA UNITY_LIGHTMAP_DLDR_ENCODING ok=1
